2020-02-19 00:09:37.375  INFO 15752 --- [main] com.clicktop.app.AppApplication          : Starting AppApplication on DESKTOP-NDEB13K with PID 15752 (started by thiag in E:\Documentos\projeto - Tryia\click-top-back-v2\clicktop-app-backend)
2020-02-19 00:09:37.384  INFO 15752 --- [main] com.clicktop.app.AppApplication          : The following profiles are active: test
2020-02-19 00:09:38.205  INFO 15752 --- [main] .s.d.r.c.RepositoryConfigurationDelegate : Multiple Spring Data modules found, entering strict repository configuration mode!
2020-02-19 00:09:38.206  INFO 15752 --- [main] .s.d.r.c.RepositoryConfigurationDelegate : Bootstrapping Spring Data JPA repositories in DEFAULT mode.
2020-02-19 00:09:38.288  INFO 15752 --- [main] .s.d.r.c.RepositoryConfigurationDelegate : Finished Spring Data repository scanning in 72ms. Found 10 JPA repository interfaces.
2020-02-19 00:09:38.440  INFO 15752 --- [main] .s.d.r.c.RepositoryConfigurationDelegate : Multiple Spring Data modules found, entering strict repository configuration mode!
2020-02-19 00:09:38.440  INFO 15752 --- [main] .s.d.r.c.RepositoryConfigurationDelegate : Bootstrapping Spring Data JDBC repositories in DEFAULT mode.
2020-02-19 00:09:38.462  INFO 15752 --- [main] .RepositoryConfigurationExtensionSupport : Spring Data JDBC - Could not safely identify store assignment for repository candidate interface com.clicktop.app.repository.CategoryRepository. If you want this repository to be a JDBC repository, consider annotating your entities with one of these annotations: org.springframework.data.relational.core.mapping.Table.
2020-02-19 00:09:38.463  INFO 15752 --- [main] .RepositoryConfigurationExtensionSupport : Spring Data JDBC - Could not safely identify store assignment for repository candidate interface com.clicktop.app.repository.CityRepository. If you want this repository to be a JDBC repository, consider annotating your entities with one of these annotations: org.springframework.data.relational.core.mapping.Table.
2020-02-19 00:09:38.464  INFO 15752 --- [main] .RepositoryConfigurationExtensionSupport : Spring Data JDBC - Could not safely identify store assignment for repository candidate interface com.clicktop.app.repository.CompanyRepository. If you want this repository to be a JDBC repository, consider annotating your entities with one of these annotations: org.springframework.data.relational.core.mapping.Table.
2020-02-19 00:09:38.468  INFO 15752 --- [main] .RepositoryConfigurationExtensionSupport : Spring Data JDBC - Could not safely identify store assignment for repository candidate interface com.clicktop.app.repository.PlanRepository. If you want this repository to be a JDBC repository, consider annotating your entities with one of these annotations: org.springframework.data.relational.core.mapping.Table.
2020-02-19 00:09:38.468  INFO 15752 --- [main] .RepositoryConfigurationExtensionSupport : Spring Data JDBC - Could not safely identify store assignment for repository candidate interface com.clicktop.app.repository.ProfileRepository. If you want this repository to be a JDBC repository, consider annotating your entities with one of these annotations: org.springframework.data.relational.core.mapping.Table.
2020-02-19 00:09:38.469  INFO 15752 --- [main] .RepositoryConfigurationExtensionSupport : Spring Data JDBC - Could not safely identify store assignment for repository candidate interface com.clicktop.app.repository.ProspectRepository. If you want this repository to be a JDBC repository, consider annotating your entities with one of these annotations: org.springframework.data.relational.core.mapping.Table.
2020-02-19 00:09:38.470  INFO 15752 --- [main] .RepositoryConfigurationExtensionSupport : Spring Data JDBC - Could not safely identify store assignment for repository candidate interface com.clicktop.app.repository.StateRepository. If you want this repository to be a JDBC repository, consider annotating your entities with one of these annotations: org.springframework.data.relational.core.mapping.Table.
2020-02-19 00:09:38.471  INFO 15752 --- [main] .RepositoryConfigurationExtensionSupport : Spring Data JDBC - Could not safely identify store assignment for repository candidate interface com.clicktop.app.repository.TelephoneRepository. If you want this repository to be a JDBC repository, consider annotating your entities with one of these annotations: org.springframework.data.relational.core.mapping.Table.
2020-02-19 00:09:38.472  INFO 15752 --- [main] .RepositoryConfigurationExtensionSupport : Spring Data JDBC - Could not safely identify store assignment for repository candidate interface com.clicktop.app.repository.TourismRepository. If you want this repository to be a JDBC repository, consider annotating your entities with one of these annotations: org.springframework.data.relational.core.mapping.Table.
2020-02-19 00:09:38.472  INFO 15752 --- [main] .RepositoryConfigurationExtensionSupport : Spring Data JDBC - Could not safely identify store assignment for repository candidate interface com.clicktop.app.repository.UserRepository. If you want this repository to be a JDBC repository, consider annotating your entities with one of these annotations: org.springframework.data.relational.core.mapping.Table.
2020-02-19 00:09:38.473  INFO 15752 --- [main] .s.d.r.c.RepositoryConfigurationDelegate : Finished Spring Data repository scanning in 32ms. Found 0 JDBC repository interfaces.
2020-02-19 00:09:38.797  INFO 15752 --- [main] trationDelegate$BeanPostProcessorChecker : Bean 'org.springframework.transaction.annotation.ProxyTransactionManagementConfiguration' of type [org.springframework.transaction.annotation.ProxyTransactionManagementConfiguration] is not eligible for getting processed by all BeanPostProcessors (for example: not eligible for auto-proxying)
2020-02-19 00:09:38.827  INFO 15752 --- [main] trationDelegate$BeanPostProcessorChecker : Bean 'org.springframework.security.config.annotation.configuration.ObjectPostProcessorConfiguration' of type [org.springframework.security.config.annotation.configuration.ObjectPostProcessorConfiguration] is not eligible for getting processed by all BeanPostProcessors (for example: not eligible for auto-proxying)
2020-02-19 00:09:38.830  INFO 15752 --- [main] trationDelegate$BeanPostProcessorChecker : Bean 'objectPostProcessor' of type [org.springframework.security.config.annotation.configuration.AutowireBeanFactoryObjectPostProcessor] is not eligible for getting processed by all BeanPostProcessors (for example: not eligible for auto-proxying)
2020-02-19 00:09:38.833  INFO 15752 --- [main] trationDelegate$BeanPostProcessorChecker : Bean 'org.springframework.security.access.expression.method.DefaultMethodSecurityExpressionHandler@67531e3a' of type [org.springframework.security.access.expression.method.DefaultMethodSecurityExpressionHandler] is not eligible for getting processed by all BeanPostProcessors (for example: not eligible for auto-proxying)
2020-02-19 00:09:38.835  INFO 15752 --- [main] trationDelegate$BeanPostProcessorChecker : Bean 'org.springframework.security.config.annotation.method.configuration.GlobalMethodSecurityConfiguration' of type [org.springframework.security.config.annotation.method.configuration.GlobalMethodSecurityConfiguration] is not eligible for getting processed by all BeanPostProcessors (for example: not eligible for auto-proxying)
2020-02-19 00:09:38.839  INFO 15752 --- [main] trationDelegate$BeanPostProcessorChecker : Bean 'methodSecurityMetadataSource' of type [org.springframework.security.access.method.DelegatingMethodSecurityMetadataSource] is not eligible for getting processed by all BeanPostProcessors (for example: not eligible for auto-proxying)
2020-02-19 00:09:39.795  INFO 15752 --- [main] o.s.b.w.embedded.tomcat.TomcatWebServer  : Tomcat initialized with port(s): 8001 (http)
2020-02-19 00:09:39.815  INFO 15752 --- [main] o.apache.catalina.core.StandardService   : Starting service [Tomcat]
2020-02-19 00:09:39.815  INFO 15752 --- [main] org.apache.catalina.core.StandardEngine  : Starting Servlet engine: [Apache Tomcat/9.0.30]
2020-02-19 00:09:39.922  INFO 15752 --- [main] o.a.c.c.C.[Tomcat].[localhost].[/]       : Initializing Spring embedded WebApplicationContext
2020-02-19 00:09:39.922  INFO 15752 --- [main] o.s.web.context.ContextLoader            : Root WebApplicationContext: initialization completed in 2480 ms
2020-02-19 00:09:40.011  INFO 15752 --- [main] com.zaxxer.hikari.HikariDataSource       : ClicktopPool - Starting...
2020-02-19 00:09:40.038  INFO 15752 --- [main] com.zaxxer.hikari.HikariDataSource       : ClicktopPool - Start completed.
2020-02-19 00:09:40.039  INFO 15752 --- [main] c.c.a.c.DataBaseConfiguration            : Profile -> test
2020-02-19 00:09:40.108  INFO 15752 --- [main] o.hibernate.jpa.internal.util.LogHelper  : HHH000204: Processing PersistenceUnitInfo [name: default]
2020-02-19 00:09:40.185  INFO 15752 --- [main] org.hibernate.Version                    : HHH000412: Hibernate Core {5.4.10.Final}
2020-02-19 00:09:40.323  INFO 15752 --- [main] o.hibernate.annotations.common.Version   : HCANN000001: Hibernate Commons Annotations {5.1.0.Final}
2020-02-19 00:09:41.795  INFO 15752 --- [main] org.hibernate.dialect.Dialect            : HHH000400: Using dialect: org.hibernate.dialect.MySQL5InnoDBDialect
2020-02-19 00:09:43.316  INFO 15752 --- [main] org.hibernate.orm.connections.access     : HHH10001501: Connection obtained from JdbcConnectionAccess [org.hibernate.engine.jdbc.env.internal.JdbcEnvironmentInitiator$ConnectionProviderJdbcConnectionAccess@55e4dd68] for (non-JTA) DDL execution was not in auto-commit mode; the Connection 'local transaction' will be committed and the Connection will be set into auto-commit mode.
2020-02-19 00:09:45.240  INFO 15752 --- [main] o.h.e.t.j.p.i.JtaPlatformInitiator       : HHH000490: Using JtaPlatform implementation: [org.hibernate.engine.transaction.jta.platform.internal.NoJtaPlatform]
2020-02-19 00:09:45.269  INFO 15752 --- [main] j.LocalContainerEntityManagerFactoryBean : Initialized JPA EntityManagerFactory for persistence unit 'default'
2020-02-19 00:09:45.698  WARN 15752 --- [main] JpaBaseConfiguration$JpaWebConfiguration : spring.jpa.open-in-view is enabled by default. Therefore, database queries may be performed during view rendering. Explicitly configure spring.jpa.open-in-view to disable this warning
2020-02-19 00:09:46.659  INFO 15752 --- [main] o.s.s.web.DefaultSecurityFilterChain     : Creating filter chain: any request, [org.springframework.security.web.context.request.async.WebAsyncManagerIntegrationFilter@39acf187, org.springframework.security.web.context.SecurityContextPersistenceFilter@147aceec, org.springframework.security.web.header.HeaderWriterFilter@60658389, org.springframework.security.web.authentication.logout.LogoutFilter@5b160208, com.clicktop.app.filter.JwtRequestFilter@7bd7d71c, org.springframework.security.web.savedrequest.RequestCacheAwareFilter@315365ef, org.springframework.security.web.servletapi.SecurityContextHolderAwareRequestFilter@7e5e7753, org.springframework.security.web.authentication.AnonymousAuthenticationFilter@643a73fa, org.springframework.security.web.session.SessionManagementFilter@9ba167e, org.springframework.security.web.access.ExceptionTranslationFilter@41c83af0, org.springframework.security.web.access.intercept.FilterSecurityInterceptor@3d2ff73a]
2020-02-19 00:09:46.688  INFO 15752 --- [main] pertySourcedRequestMappingHandlerMapping : Mapped URL path [/v2/api-docs] onto method [springfox.documentation.swagger2.web.Swagger2Controller#getDocumentation(String, HttpServletRequest)]
2020-02-19 00:09:47.142  INFO 15752 --- [main] org.quartz.impl.StdSchedulerFactory      : Using default implementation for ThreadExecutor
2020-02-19 00:09:47.156  INFO 15752 --- [main] org.quartz.core.SchedulerSignalerImpl    : Initialized Scheduler Signaller of type: class org.quartz.core.SchedulerSignalerImpl
2020-02-19 00:09:47.157  INFO 15752 --- [main] org.quartz.core.QuartzScheduler          : Quartz Scheduler v.2.3.2 created.
2020-02-19 00:09:47.158  INFO 15752 --- [main] org.quartz.simpl.RAMJobStore             : RAMJobStore initialized.
2020-02-19 00:09:47.159  INFO 15752 --- [main] org.quartz.core.QuartzScheduler          : Scheduler meta-data: Quartz Scheduler (v2.3.2) 'quartzScheduler' with instanceId 'NON_CLUSTERED'
  Scheduler class: 'org.quartz.core.QuartzScheduler' - running locally.
  NOT STARTED.
  Currently in standby mode.
  Number of jobs executed: 0
  Using thread pool 'org.quartz.simpl.SimpleThreadPool' - with 10 threads.
  Using job-store 'org.quartz.simpl.RAMJobStore' - which does not support persistence. and is not clustered.

2020-02-19 00:09:47.159  INFO 15752 --- [main] org.quartz.impl.StdSchedulerFactory      : Quartz scheduler 'quartzScheduler' initialized from an externally provided properties instance.
2020-02-19 00:09:47.159  INFO 15752 --- [main] org.quartz.impl.StdSchedulerFactory      : Quartz scheduler version: 2.3.2
2020-02-19 00:09:47.159  INFO 15752 --- [main] org.quartz.core.QuartzScheduler          : JobFactory set to: org.springframework.scheduling.quartz.SpringBeanJobFactory@5fcff272
2020-02-19 00:09:47.201  INFO 15752 --- [main] d.s.w.p.DocumentationPluginsBootstrapper : Context refreshed
2020-02-19 00:09:47.229  INFO 15752 --- [main] d.s.w.p.DocumentationPluginsBootstrapper : Found 1 custom documentation plugin(s)
2020-02-19 00:09:47.277  INFO 15752 --- [main] s.d.s.w.s.ApiListingReferenceScanner     : Scanning for api listing references
2020-02-19 00:09:47.429  INFO 15752 --- [main] .d.s.w.r.o.CachingOperationNameGenerator : Generating unique operation named: getUsingGET_1
2020-02-19 00:09:47.431  INFO 15752 --- [main] .d.s.w.r.o.CachingOperationNameGenerator : Generating unique operation named: deleteUsingDELETE_1
2020-02-19 00:09:47.448  INFO 15752 --- [main] .d.s.w.r.o.CachingOperationNameGenerator : Generating unique operation named: getUsingGET_2
2020-02-19 00:09:47.460  INFO 15752 --- [main] .d.s.w.r.o.CachingOperationNameGenerator : Generating unique operation named: postUsingPOST_1
2020-02-19 00:09:47.462  INFO 15752 --- [main] .d.s.w.r.o.CachingOperationNameGenerator : Generating unique operation named: putUsingPUT_1
2020-02-19 00:09:47.466  INFO 15752 --- [main] .d.s.w.r.o.CachingOperationNameGenerator : Generating unique operation named: deleteUsingDELETE_2
2020-02-19 00:09:47.468  INFO 15752 --- [main] .d.s.w.r.o.CachingOperationNameGenerator : Generating unique operation named: getUsingGET_3
2020-02-19 00:09:47.473  INFO 15752 --- [main] .d.s.w.r.o.CachingOperationNameGenerator : Generating unique operation named: postUsingPOST_2
2020-02-19 00:09:47.476  INFO 15752 --- [main] .d.s.w.r.o.CachingOperationNameGenerator : Generating unique operation named: putUsingPUT_2
2020-02-19 00:09:47.478  INFO 15752 --- [main] .d.s.w.r.o.CachingOperationNameGenerator : Generating unique operation named: deleteUsingDELETE_3
2020-02-19 00:09:47.482  INFO 15752 --- [main] .d.s.w.r.o.CachingOperationNameGenerator : Generating unique operation named: getUsingGET_4
2020-02-19 00:09:47.486  INFO 15752 --- [main] .d.s.w.r.o.CachingOperationNameGenerator : Generating unique operation named: postUsingPOST_3
2020-02-19 00:09:47.489  INFO 15752 --- [main] .d.s.w.r.o.CachingOperationNameGenerator : Generating unique operation named: putUsingPUT_3
2020-02-19 00:09:47.492  INFO 15752 --- [main] .d.s.w.r.o.CachingOperationNameGenerator : Generating unique operation named: deleteUsingDELETE_4
2020-02-19 00:09:47.510  INFO 15752 --- [main] .d.s.w.r.o.CachingOperationNameGenerator : Generating unique operation named: getUsingGET_5
2020-02-19 00:09:47.514  INFO 15752 --- [main] .d.s.w.r.o.CachingOperationNameGenerator : Generating unique operation named: postUsingPOST_4
2020-02-19 00:09:47.516  INFO 15752 --- [main] .d.s.w.r.o.CachingOperationNameGenerator : Generating unique operation named: putUsingPUT_4
2020-02-19 00:09:47.518  INFO 15752 --- [main] .d.s.w.r.o.CachingOperationNameGenerator : Generating unique operation named: deleteUsingDELETE_5
2020-02-19 00:09:47.524  INFO 15752 --- [main] .d.s.w.r.o.CachingOperationNameGenerator : Generating unique operation named: getUsingGET_6
2020-02-19 00:09:47.529  INFO 15752 --- [main] .d.s.w.r.o.CachingOperationNameGenerator : Generating unique operation named: postUsingPOST_5
2020-02-19 00:09:47.530  INFO 15752 --- [main] .d.s.w.r.o.CachingOperationNameGenerator : Generating unique operation named: putUsingPUT_5
2020-02-19 00:09:47.532  INFO 15752 --- [main] .d.s.w.r.o.CachingOperationNameGenerator : Generating unique operation named: deleteUsingDELETE_6
2020-02-19 00:09:47.534  INFO 15752 --- [main] .d.s.w.r.o.CachingOperationNameGenerator : Generating unique operation named: getUsingGET_7
2020-02-19 00:09:47.539  INFO 15752 --- [main] .d.s.w.r.o.CachingOperationNameGenerator : Generating unique operation named: postUsingPOST_6
2020-02-19 00:09:47.540  INFO 15752 --- [main] .d.s.w.r.o.CachingOperationNameGenerator : Generating unique operation named: putUsingPUT_6
2020-02-19 00:09:47.553  INFO 15752 --- [main] o.s.s.quartz.SchedulerFactoryBean        : Starting Quartz Scheduler now
2020-02-19 00:09:47.554  INFO 15752 --- [main] org.quartz.core.QuartzScheduler          : Scheduler quartzScheduler_$_NON_CLUSTERED started.
2020-02-19 00:09:47.592  INFO 15752 --- [main] o.s.b.w.embedded.tomcat.TomcatWebServer  : Tomcat started on port(s): 8001 (http) with context path ''
2020-02-19 00:09:47.594  INFO 15752 --- [main] com.clicktop.app.AppApplication          : Started AppApplication in 10.713 seconds (JVM running for 11.47)
2020-02-19 00:12:15.618  INFO 15752 --- [http-nio-8001-exec-1] o.a.c.c.C.[Tomcat].[localhost].[/]       : Initializing Spring DispatcherServlet 'dispatcherServlet'
2020-02-19 00:12:15.618  INFO 15752 --- [http-nio-8001-exec-1] o.s.web.servlet.DispatcherServlet        : Initializing Servlet 'dispatcherServlet'
2020-02-19 00:12:15.628  INFO 15752 --- [http-nio-8001-exec-1] o.s.web.servlet.DispatcherServlet        : Completed initialization in 10 ms
2020-02-19 00:12:15.646  WARN 15752 --- [http-nio-8001-exec-1] c.clicktop.app.filter.JwtRequestFilter   : Token não inicia com  Bearer!
2020-02-19 00:12:15.742  WARN 15752 --- [http-nio-8001-exec-2] c.clicktop.app.filter.JwtRequestFilter   : Token não inicia com  Bearer!
2020-02-19 00:12:15.743  WARN 15752 --- [http-nio-8001-exec-3] c.clicktop.app.filter.JwtRequestFilter   : Token não inicia com  Bearer!
2020-02-19 00:12:15.746  WARN 15752 --- [http-nio-8001-exec-4] c.clicktop.app.filter.JwtRequestFilter   : Token não inicia com  Bearer!
2020-02-19 00:12:15.745  WARN 15752 --- [http-nio-8001-exec-5] c.clicktop.app.filter.JwtRequestFilter   : Token não inicia com  Bearer!
2020-02-19 00:12:15.745  WARN 15752 --- [http-nio-8001-exec-6] c.clicktop.app.filter.JwtRequestFilter   : Token não inicia com  Bearer!
2020-02-19 00:12:16.078  WARN 15752 --- [http-nio-8001-exec-7] c.clicktop.app.filter.JwtRequestFilter   : Token não inicia com  Bearer!
2020-02-19 00:12:16.079  WARN 15752 --- [http-nio-8001-exec-8] c.clicktop.app.filter.JwtRequestFilter   : Token não inicia com  Bearer!
2020-02-19 00:12:16.081  WARN 15752 --- [http-nio-8001-exec-9] c.clicktop.app.filter.JwtRequestFilter   : Token não inicia com  Bearer!
2020-02-19 00:12:16.149  WARN 15752 --- [http-nio-8001-exec-10] c.clicktop.app.filter.JwtRequestFilter   : Token não inicia com  Bearer!
2020-02-19 00:12:16.161  WARN 15752 --- [http-nio-8001-exec-1] c.clicktop.app.filter.JwtRequestFilter   : Token não inicia com  Bearer!
2020-02-19 00:12:16.205  WARN 15752 --- [http-nio-8001-exec-2] c.clicktop.app.filter.JwtRequestFilter   : Token não inicia com  Bearer!
2020-02-19 00:12:16.206  WARN 15752 --- [http-nio-8001-exec-3] c.clicktop.app.filter.JwtRequestFilter   : Token não inicia com  Bearer!
2020-02-19 00:12:16.208  WARN 15752 --- [http-nio-8001-exec-3] o.s.web.servlet.PageNotFound             : No mapping for GET /
2020-02-19 00:12:16.234  WARN 15752 --- [http-nio-8001-exec-6] c.clicktop.app.filter.JwtRequestFilter   : Token não inicia com  Bearer!
2020-02-19 00:12:16.244  WARN 15752 --- [http-nio-8001-exec-5] c.clicktop.app.filter.JwtRequestFilter   : Token não inicia com  Bearer!
2020-02-19 00:12:16.245  WARN 15752 --- [http-nio-8001-exec-5] o.s.web.servlet.PageNotFound             : No mapping for GET /csrf
2020-02-19 00:12:16.490  WARN 15752 --- [http-nio-8001-exec-4] c.clicktop.app.filter.JwtRequestFilter   : Token não inicia com  Bearer!
2020-02-19 00:12:16.491  WARN 15752 --- [http-nio-8001-exec-9] c.clicktop.app.filter.JwtRequestFilter   : Token não inicia com  Bearer!
2020-02-19 00:12:16.491  WARN 15752 --- [http-nio-8001-exec-8] c.clicktop.app.filter.JwtRequestFilter   : Token não inicia com  Bearer!
2020-02-19 00:12:18.905  WARN 15752 --- [http-nio-8001-exec-7] c.clicktop.app.filter.JwtRequestFilter   : Token não inicia com  Bearer!
2020-02-19 00:12:18.906  WARN 15752 --- [http-nio-8001-exec-10] c.clicktop.app.filter.JwtRequestFilter   : Token não inicia com  Bearer!
2020-02-19 00:12:18.911  WARN 15752 --- [http-nio-8001-exec-1] c.clicktop.app.filter.JwtRequestFilter   : Token não inicia com  Bearer!
2020-02-19 00:12:22.381  WARN 15752 --- [http-nio-8001-exec-3] c.clicktop.app.filter.JwtRequestFilter   : Token não inicia com  Bearer!
2020-02-19 00:12:22.387  WARN 15752 --- [http-nio-8001-exec-6] c.clicktop.app.filter.JwtRequestFilter   : Token não inicia com  Bearer!
2020-02-19 00:12:22.541  WARN 15752 --- [http-nio-8001-exec-5] c.clicktop.app.filter.JwtRequestFilter   : Token não inicia com  Bearer!
2020-02-19 00:18:09.840  WARN 15752 --- [http-nio-8001-exec-10] c.clicktop.app.filter.JwtRequestFilter   : Token não inicia com  Bearer!
2020-02-19 00:18:11.001  WARN 15752 --- [http-nio-8001-exec-1] c.clicktop.app.filter.JwtRequestFilter   : Token não inicia com  Bearer!
2020-02-19 00:18:20.906  WARN 15752 --- [http-nio-8001-exec-3] c.clicktop.app.filter.JwtRequestFilter   : Token não inicia com  Bearer!
2020-02-19 00:20:12.620  INFO 18960 --- [main] com.clicktop.app.AppApplication          : Starting AppApplication on DESKTOP-NDEB13K with PID 18960 (started by thiag in E:\Documentos\projeto - Tryia\click-top-back-v2\clicktop-app-backend)
2020-02-19 00:20:12.623  INFO 18960 --- [main] com.clicktop.app.AppApplication          : The following profiles are active: test
2020-02-19 00:20:13.361  INFO 18960 --- [main] .s.d.r.c.RepositoryConfigurationDelegate : Multiple Spring Data modules found, entering strict repository configuration mode!
2020-02-19 00:20:13.361  INFO 18960 --- [main] .s.d.r.c.RepositoryConfigurationDelegate : Bootstrapping Spring Data JPA repositories in DEFAULT mode.
2020-02-19 00:20:13.444  INFO 18960 --- [main] .s.d.r.c.RepositoryConfigurationDelegate : Finished Spring Data repository scanning in 74ms. Found 10 JPA repository interfaces.
2020-02-19 00:20:13.584  INFO 18960 --- [main] .s.d.r.c.RepositoryConfigurationDelegate : Multiple Spring Data modules found, entering strict repository configuration mode!
2020-02-19 00:20:13.584  INFO 18960 --- [main] .s.d.r.c.RepositoryConfigurationDelegate : Bootstrapping Spring Data JDBC repositories in DEFAULT mode.
2020-02-19 00:20:13.604  INFO 18960 --- [main] .RepositoryConfigurationExtensionSupport : Spring Data JDBC - Could not safely identify store assignment for repository candidate interface com.clicktop.app.repository.CategoryRepository. If you want this repository to be a JDBC repository, consider annotating your entities with one of these annotations: org.springframework.data.relational.core.mapping.Table.
2020-02-19 00:20:13.604  INFO 18960 --- [main] .RepositoryConfigurationExtensionSupport : Spring Data JDBC - Could not safely identify store assignment for repository candidate interface com.clicktop.app.repository.CityRepository. If you want this repository to be a JDBC repository, consider annotating your entities with one of these annotations: org.springframework.data.relational.core.mapping.Table.
2020-02-19 00:20:13.605  INFO 18960 --- [main] .RepositoryConfigurationExtensionSupport : Spring Data JDBC - Could not safely identify store assignment for repository candidate interface com.clicktop.app.repository.CompanyRepository. If you want this repository to be a JDBC repository, consider annotating your entities with one of these annotations: org.springframework.data.relational.core.mapping.Table.
2020-02-19 00:20:13.607  INFO 18960 --- [main] .RepositoryConfigurationExtensionSupport : Spring Data JDBC - Could not safely identify store assignment for repository candidate interface com.clicktop.app.repository.PlanRepository. If you want this repository to be a JDBC repository, consider annotating your entities with one of these annotations: org.springframework.data.relational.core.mapping.Table.
2020-02-19 00:20:13.608  INFO 18960 --- [main] .RepositoryConfigurationExtensionSupport : Spring Data JDBC - Could not safely identify store assignment for repository candidate interface com.clicktop.app.repository.ProfileRepository. If you want this repository to be a JDBC repository, consider annotating your entities with one of these annotations: org.springframework.data.relational.core.mapping.Table.
2020-02-19 00:20:13.608  INFO 18960 --- [main] .RepositoryConfigurationExtensionSupport : Spring Data JDBC - Could not safely identify store assignment for repository candidate interface com.clicktop.app.repository.ProspectRepository. If you want this repository to be a JDBC repository, consider annotating your entities with one of these annotations: org.springframework.data.relational.core.mapping.Table.
2020-02-19 00:20:13.609  INFO 18960 --- [main] .RepositoryConfigurationExtensionSupport : Spring Data JDBC - Could not safely identify store assignment for repository candidate interface com.clicktop.app.repository.StateRepository. If you want this repository to be a JDBC repository, consider annotating your entities with one of these annotations: org.springframework.data.relational.core.mapping.Table.
2020-02-19 00:20:13.609  INFO 18960 --- [main] .RepositoryConfigurationExtensionSupport : Spring Data JDBC - Could not safely identify store assignment for repository candidate interface com.clicktop.app.repository.TelephoneRepository. If you want this repository to be a JDBC repository, consider annotating your entities with one of these annotations: org.springframework.data.relational.core.mapping.Table.
2020-02-19 00:20:13.610  INFO 18960 --- [main] .RepositoryConfigurationExtensionSupport : Spring Data JDBC - Could not safely identify store assignment for repository candidate interface com.clicktop.app.repository.TourismRepository. If you want this repository to be a JDBC repository, consider annotating your entities with one of these annotations: org.springframework.data.relational.core.mapping.Table.
2020-02-19 00:20:13.610  INFO 18960 --- [main] .RepositoryConfigurationExtensionSupport : Spring Data JDBC - Could not safely identify store assignment for repository candidate interface com.clicktop.app.repository.UserRepository. If you want this repository to be a JDBC repository, consider annotating your entities with one of these annotations: org.springframework.data.relational.core.mapping.Table.
2020-02-19 00:20:13.611  INFO 18960 --- [main] .s.d.r.c.RepositoryConfigurationDelegate : Finished Spring Data repository scanning in 26ms. Found 0 JDBC repository interfaces.
2020-02-19 00:20:13.900  INFO 18960 --- [main] trationDelegate$BeanPostProcessorChecker : Bean 'org.springframework.transaction.annotation.ProxyTransactionManagementConfiguration' of type [org.springframework.transaction.annotation.ProxyTransactionManagementConfiguration] is not eligible for getting processed by all BeanPostProcessors (for example: not eligible for auto-proxying)
2020-02-19 00:20:13.929  INFO 18960 --- [main] trationDelegate$BeanPostProcessorChecker : Bean 'org.springframework.security.config.annotation.configuration.ObjectPostProcessorConfiguration' of type [org.springframework.security.config.annotation.configuration.ObjectPostProcessorConfiguration] is not eligible for getting processed by all BeanPostProcessors (for example: not eligible for auto-proxying)
2020-02-19 00:20:13.932  INFO 18960 --- [main] trationDelegate$BeanPostProcessorChecker : Bean 'objectPostProcessor' of type [org.springframework.security.config.annotation.configuration.AutowireBeanFactoryObjectPostProcessor] is not eligible for getting processed by all BeanPostProcessors (for example: not eligible for auto-proxying)
2020-02-19 00:20:13.935  INFO 18960 --- [main] trationDelegate$BeanPostProcessorChecker : Bean 'org.springframework.security.access.expression.method.DefaultMethodSecurityExpressionHandler@5f14761c' of type [org.springframework.security.access.expression.method.DefaultMethodSecurityExpressionHandler] is not eligible for getting processed by all BeanPostProcessors (for example: not eligible for auto-proxying)
2020-02-19 00:20:13.937  INFO 18960 --- [main] trationDelegate$BeanPostProcessorChecker : Bean 'org.springframework.security.config.annotation.method.configuration.GlobalMethodSecurityConfiguration' of type [org.springframework.security.config.annotation.method.configuration.GlobalMethodSecurityConfiguration] is not eligible for getting processed by all BeanPostProcessors (for example: not eligible for auto-proxying)
2020-02-19 00:20:13.940  INFO 18960 --- [main] trationDelegate$BeanPostProcessorChecker : Bean 'methodSecurityMetadataSource' of type [org.springframework.security.access.method.DelegatingMethodSecurityMetadataSource] is not eligible for getting processed by all BeanPostProcessors (for example: not eligible for auto-proxying)
2020-02-19 00:20:14.775  INFO 18960 --- [main] o.s.b.w.embedded.tomcat.TomcatWebServer  : Tomcat initialized with port(s): 8001 (http)
2020-02-19 00:20:14.786  INFO 18960 --- [main] o.apache.catalina.core.StandardService   : Starting service [Tomcat]
2020-02-19 00:20:14.786  INFO 18960 --- [main] org.apache.catalina.core.StandardEngine  : Starting Servlet engine: [Apache Tomcat/9.0.30]
2020-02-19 00:20:14.891  INFO 18960 --- [main] o.a.c.c.C.[Tomcat].[localhost].[/]       : Initializing Spring embedded WebApplicationContext
2020-02-19 00:20:14.891  INFO 18960 --- [main] o.s.web.context.ContextLoader            : Root WebApplicationContext: initialization completed in 2219 ms
2020-02-19 00:20:14.972  INFO 18960 --- [main] com.zaxxer.hikari.HikariDataSource       : ClicktopPool - Starting...
2020-02-19 00:20:14.996  INFO 18960 --- [main] com.zaxxer.hikari.HikariDataSource       : ClicktopPool - Start completed.
2020-02-19 00:20:14.997  INFO 18960 --- [main] c.c.a.c.DataBaseConfiguration            : Profile -> test
2020-02-19 00:20:15.057  INFO 18960 --- [main] o.hibernate.jpa.internal.util.LogHelper  : HHH000204: Processing PersistenceUnitInfo [name: default]
2020-02-19 00:20:15.122  INFO 18960 --- [main] org.hibernate.Version                    : HHH000412: Hibernate Core {5.4.10.Final}
2020-02-19 00:20:15.239  INFO 18960 --- [main] o.hibernate.annotations.common.Version   : HCANN000001: Hibernate Commons Annotations {5.1.0.Final}
2020-02-19 00:20:16.342  INFO 18960 --- [main] org.hibernate.dialect.Dialect            : HHH000400: Using dialect: org.hibernate.dialect.MySQL5InnoDBDialect
2020-02-19 00:20:17.115  INFO 18960 --- [main] org.hibernate.orm.connections.access     : HHH10001501: Connection obtained from JdbcConnectionAccess [org.hibernate.engine.jdbc.env.internal.JdbcEnvironmentInitiator$ConnectionProviderJdbcConnectionAccess@2bd7f686] for (non-JTA) DDL execution was not in auto-commit mode; the Connection 'local transaction' will be committed and the Connection will be set into auto-commit mode.
2020-02-19 00:20:17.298  INFO 18960 --- [main] o.h.e.t.j.p.i.JtaPlatformInitiator       : HHH000490: Using JtaPlatform implementation: [org.hibernate.engine.transaction.jta.platform.internal.NoJtaPlatform]
2020-02-19 00:20:17.312  INFO 18960 --- [main] j.LocalContainerEntityManagerFactoryBean : Initialized JPA EntityManagerFactory for persistence unit 'default'
2020-02-19 00:20:17.642  WARN 18960 --- [main] JpaBaseConfiguration$JpaWebConfiguration : spring.jpa.open-in-view is enabled by default. Therefore, database queries may be performed during view rendering. Explicitly configure spring.jpa.open-in-view to disable this warning
2020-02-19 00:20:18.508  INFO 18960 --- [main] o.s.s.web.DefaultSecurityFilterChain     : Creating filter chain: any request, [org.springframework.security.web.context.request.async.WebAsyncManagerIntegrationFilter@6464f017, org.springframework.security.web.context.SecurityContextPersistenceFilter@2f03fdc0, org.springframework.security.web.header.HeaderWriterFilter@5b8b9b2d, org.springframework.security.web.authentication.logout.LogoutFilter@1952ad9d, com.clicktop.app.filter.JwtRequestFilter@65c689e7, org.springframework.security.web.savedrequest.RequestCacheAwareFilter@1715193f, org.springframework.security.web.servletapi.SecurityContextHolderAwareRequestFilter@242c4a94, org.springframework.security.web.authentication.AnonymousAuthenticationFilter@755a90a6, org.springframework.security.web.session.SessionManagementFilter@769f6023, org.springframework.security.web.access.ExceptionTranslationFilter@61375dff, org.springframework.security.web.access.intercept.FilterSecurityInterceptor@6ace3]
2020-02-19 00:20:18.537  INFO 18960 --- [main] pertySourcedRequestMappingHandlerMapping : Mapped URL path [/v2/api-docs] onto method [springfox.documentation.swagger2.web.Swagger2Controller#getDocumentation(String, HttpServletRequest)]
2020-02-19 00:20:18.970  INFO 18960 --- [main] org.quartz.impl.StdSchedulerFactory      : Using default implementation for ThreadExecutor
2020-02-19 00:20:18.982  INFO 18960 --- [main] org.quartz.core.SchedulerSignalerImpl    : Initialized Scheduler Signaller of type: class org.quartz.core.SchedulerSignalerImpl
2020-02-19 00:20:18.982  INFO 18960 --- [main] org.quartz.core.QuartzScheduler          : Quartz Scheduler v.2.3.2 created.
2020-02-19 00:20:18.983  INFO 18960 --- [main] org.quartz.simpl.RAMJobStore             : RAMJobStore initialized.
2020-02-19 00:20:18.984  INFO 18960 --- [main] org.quartz.core.QuartzScheduler          : Scheduler meta-data: Quartz Scheduler (v2.3.2) 'quartzScheduler' with instanceId 'NON_CLUSTERED'
  Scheduler class: 'org.quartz.core.QuartzScheduler' - running locally.
  NOT STARTED.
  Currently in standby mode.
  Number of jobs executed: 0
  Using thread pool 'org.quartz.simpl.SimpleThreadPool' - with 10 threads.
  Using job-store 'org.quartz.simpl.RAMJobStore' - which does not support persistence. and is not clustered.

2020-02-19 00:20:18.984  INFO 18960 --- [main] org.quartz.impl.StdSchedulerFactory      : Quartz scheduler 'quartzScheduler' initialized from an externally provided properties instance.
2020-02-19 00:20:18.984  INFO 18960 --- [main] org.quartz.impl.StdSchedulerFactory      : Quartz scheduler version: 2.3.2
2020-02-19 00:20:18.984  INFO 18960 --- [main] org.quartz.core.QuartzScheduler          : JobFactory set to: org.springframework.scheduling.quartz.SpringBeanJobFactory@2d26c6a2
2020-02-19 00:20:19.016  INFO 18960 --- [main] d.s.w.p.DocumentationPluginsBootstrapper : Context refreshed
2020-02-19 00:20:19.033  INFO 18960 --- [main] d.s.w.p.DocumentationPluginsBootstrapper : Found 1 custom documentation plugin(s)
2020-02-19 00:20:19.075  INFO 18960 --- [main] s.d.s.w.s.ApiListingReferenceScanner     : Scanning for api listing references
2020-02-19 00:20:19.231  INFO 18960 --- [main] .d.s.w.r.o.CachingOperationNameGenerator : Generating unique operation named: getUsingGET_1
2020-02-19 00:20:19.233  INFO 18960 --- [main] .d.s.w.r.o.CachingOperationNameGenerator : Generating unique operation named: deleteUsingDELETE_1
2020-02-19 00:20:19.249  INFO 18960 --- [main] .d.s.w.r.o.CachingOperationNameGenerator : Generating unique operation named: getUsingGET_2
2020-02-19 00:20:19.264  INFO 18960 --- [main] .d.s.w.r.o.CachingOperationNameGenerator : Generating unique operation named: postUsingPOST_1
2020-02-19 00:20:19.266  INFO 18960 --- [main] .d.s.w.r.o.CachingOperationNameGenerator : Generating unique operation named: putUsingPUT_1
2020-02-19 00:20:19.271  INFO 18960 --- [main] .d.s.w.r.o.CachingOperationNameGenerator : Generating unique operation named: deleteUsingDELETE_2
2020-02-19 00:20:19.274  INFO 18960 --- [main] .d.s.w.r.o.CachingOperationNameGenerator : Generating unique operation named: getUsingGET_3
2020-02-19 00:20:19.279  INFO 18960 --- [main] .d.s.w.r.o.CachingOperationNameGenerator : Generating unique operation named: postUsingPOST_2
2020-02-19 00:20:19.281  INFO 18960 --- [main] .d.s.w.r.o.CachingOperationNameGenerator : Generating unique operation named: putUsingPUT_2
2020-02-19 00:20:19.284  INFO 18960 --- [main] .d.s.w.r.o.CachingOperationNameGenerator : Generating unique operation named: deleteUsingDELETE_3
2020-02-19 00:20:19.288  INFO 18960 --- [main] .d.s.w.r.o.CachingOperationNameGenerator : Generating unique operation named: getUsingGET_4
2020-02-19 00:20:19.294  INFO 18960 --- [main] .d.s.w.r.o.CachingOperationNameGenerator : Generating unique operation named: postUsingPOST_3
2020-02-19 00:20:19.296  INFO 18960 --- [main] .d.s.w.r.o.CachingOperationNameGenerator : Generating unique operation named: putUsingPUT_3
2020-02-19 00:20:19.300  INFO 18960 --- [main] .d.s.w.r.o.CachingOperationNameGenerator : Generating unique operation named: deleteUsingDELETE_4
2020-02-19 00:20:19.317  INFO 18960 --- [main] .d.s.w.r.o.CachingOperationNameGenerator : Generating unique operation named: getUsingGET_5
2020-02-19 00:20:19.322  INFO 18960 --- [main] .d.s.w.r.o.CachingOperationNameGenerator : Generating unique operation named: postUsingPOST_4
2020-02-19 00:20:19.324  INFO 18960 --- [main] .d.s.w.r.o.CachingOperationNameGenerator : Generating unique operation named: putUsingPUT_4
2020-02-19 00:20:19.327  INFO 18960 --- [main] .d.s.w.r.o.CachingOperationNameGenerator : Generating unique operation named: deleteUsingDELETE_5
2020-02-19 00:20:19.332  INFO 18960 --- [main] .d.s.w.r.o.CachingOperationNameGenerator : Generating unique operation named: getUsingGET_6
2020-02-19 00:20:19.337  INFO 18960 --- [main] .d.s.w.r.o.CachingOperationNameGenerator : Generating unique operation named: postUsingPOST_5
2020-02-19 00:20:19.339  INFO 18960 --- [main] .d.s.w.r.o.CachingOperationNameGenerator : Generating unique operation named: putUsingPUT_5
2020-02-19 00:20:19.341  INFO 18960 --- [main] .d.s.w.r.o.CachingOperationNameGenerator : Generating unique operation named: deleteUsingDELETE_6
2020-02-19 00:20:19.343  INFO 18960 --- [main] .d.s.w.r.o.CachingOperationNameGenerator : Generating unique operation named: getUsingGET_7
2020-02-19 00:20:19.345  INFO 18960 --- [main] .d.s.w.r.o.CachingOperationNameGenerator : Generating unique operation named: postUsingPOST_6
2020-02-19 00:20:19.346  INFO 18960 --- [main] .d.s.w.r.o.CachingOperationNameGenerator : Generating unique operation named: putUsingPUT_6
2020-02-19 00:20:19.357  INFO 18960 --- [main] o.s.s.quartz.SchedulerFactoryBean        : Starting Quartz Scheduler now
2020-02-19 00:20:19.358  INFO 18960 --- [main] org.quartz.core.QuartzScheduler          : Scheduler quartzScheduler_$_NON_CLUSTERED started.
2020-02-19 00:20:19.387  INFO 18960 --- [main] o.s.b.w.embedded.tomcat.TomcatWebServer  : Tomcat started on port(s): 8001 (http) with context path ''
2020-02-19 00:20:19.389  INFO 18960 --- [main] com.clicktop.app.AppApplication          : Started AppApplication in 7.249 seconds (JVM running for 7.858)
